<?xml version="1.0" encoding="UTF-8"?>
<!-- Generated by org.testng.reporters.JUnitReportReporter -->
<testsuite hostname="ip-192-168-57-77.us-west-1.compute.internal" failures="0" tests="2" name="UI.testNgTest" time="0.003" errors="0" timestamp="2022-04-14T09:54:05 IST" skipped="0">
  <testcase classname="UI.testNgTest" name="blogin" time="0.003"/>
  <system-out/>
  <testcase classname="UI.testNgTest" name="alogout" time="0.000"/>
  <system-out/>
</testsuite> <!-- UI.testNgTest -->
