<?xml version="1.0" encoding="UTF-8"?>
<!-- Generated by org.testng.reporters.JUnitReportReporter -->
<testsuite hostname="ip-192-168-57-77.us-west-1.compute.internal" failures="0" tests="1" name="UI.assetionTestNg3" time="9.903" errors="0" timestamp="2022-04-14T09:54:05 IST" skipped="0">
  <testcase classname="UI.assetionTestNg3" name="GetTitle" time="9.903"/>
  <system-out/>
</testsuite> <!-- UI.assetionTestNg3 -->
